<?xml version="1.0" encoding="UTF-8"?>
<!-- Generated by org.testng.reporters.JUnitReportReporter -->
<testsuite hostname="DESKTOP-QT8EHHC" failures="0" tests="2" name="Practise.SoftAssert" time="0.023" errors="0" timestamp="2023-04-17T21:48:23 IST" skipped="0">
  <testcase classname="Practise.SoftAssert" name="createcontact" time="0.019"/>
  <system-out/>
  <testcase classname="Practise.SoftAssert" name="m1" time="0.004"/>
  <system-out/>
</testsuite> <!-- Practise.SoftAssert -->
