<?xml version="1.0" encoding="UTF-8"?>
<!-- Generated by org.testng.reporters.JUnitReportReporter -->
<testsuite hostname="DESKTOP-QT8EHHC" failures="0" tests="1" name="Practise.HardAssert" time="0.013" errors="0" timestamp="2023-04-17T21:44:51 IST" skipped="0">
  <testcase classname="Practise.HardAssert" name="m1" time="0.013"/>
  <system-out/>
</testsuite> <!-- Practise.HardAssert -->
